<?xml version="1.0" encoding="UTF-8"?>
<testng-results skipped="0" failed="0" ignored="0" total="1" passed="1">
  <reporter-output>
    <line>
      <![CDATA[hi]]>
    </line>
  </reporter-output>
  <suite name="Suite" duration-ms="5154" started-at="2017-11-02T10:51:34Z" finished-at="2017-11-02T10:51:39Z">
    <groups>
    </groups>
    <test name="Test" duration-ms="5154" started-at="2017-11-02T10:51:34Z" finished-at="2017-11-02T10:51:39Z">
      <class name="com.craftvilla.testscrits.Demo">
        <test-method status="PASS" signature="preConditions()[pri:0, instance:com.craftvilla.testscrits.Demo@72d818d1]" name="preConditions" is-config="true" duration-ms="4923" started-at="2017-11-02T16:21:34Z" finished-at="2017-11-02T16:21:39Z">
          <reporter-output>
          </reporter-output>
        </test-method> <!-- preConditions -->
        <test-method status="PASS" signature="demo()[pri:0, instance:com.craftvilla.testscrits.Demo@72d818d1]" name="demo" duration-ms="27" started-at="2017-11-02T16:21:39Z" finished-at="2017-11-02T16:21:39Z">
          <reporter-output>
            <line>
              <![CDATA[hi]]>
            </line>
          </reporter-output>
        </test-method> <!-- demo -->
        <test-method status="PASS" signature="postCondition()[pri:0, instance:com.craftvilla.testscrits.Demo@72d818d1]" name="postCondition" is-config="true" duration-ms="174" started-at="2017-11-02T16:21:39Z" finished-at="2017-11-02T16:21:39Z">
          <reporter-output>
          </reporter-output>
        </test-method> <!-- postCondition -->
      </class> <!-- com.craftvilla.testscrits.Demo -->
    </test> <!-- Test -->
  </suite> <!-- Suite -->
</testng-results>
